<?xml version="1.0" encoding="UTF-8"?>
<testsuite name="dramaplays.InvoiceTest" tests="3" skipped="0" failures="0" errors="0" timestamp="2024-05-15T13:39:40" hostname="walle" time="0.002">
  <properties/>
  <testcase name="test_invoice_get_instance()" classname="dramaplays.InvoiceTest" time="0.0"/>
  <testcase name="test_invoice_equlity()" classname="dramaplays.InvoiceTest" time="0.0"/>
  <testcase name="test_invoice_equlity2()" classname="dramaplays.InvoiceTest" time="0.0"/>
  <system-out><![CDATA[]]></system-out>
  <system-err><![CDATA[]]></system-err>
</testsuite>
